<?xml version="1.0" encoding="UTF-8"?>
<testng-results ignored="0" total="1" passed="1" failed="0" skipped="0">
  <reporter-output>
  </reporter-output>
  <suite started-at="2026-09-01T15:58:28 IST" name="Suite" finished-at="2026-09-01T15:58:33 IST" duration-ms="4758">
    <groups>
    </groups>
    <test started-at="2026-09-01T15:58:28 IST" name="Test" finished-at="2026-09-01T15:58:33 IST" duration-ms="4758">
      <class name="testCases.TC_01_OrangeHRM_Login">
        <test-method is-config="true" signature="setup(java.lang.String,java.lang.String)[pri:0, instance:testCases.TC_01_OrangeHRM_Login@ed7f8b4]" started-at="2026-09-01T15:58:28 IST" name="setup" finished-at="2026-09-01T15:58:32 IST" duration-ms="3984" status="PASS">
          <params>
            <param index="0">
              <value>
                <![CDATA[windows]]>
              </value>
            </param>
            <param index="1">
              <value>
                <![CDATA[chrome]]>
              </value>
            </param>
          </params>
          <reporter-output>
          </reporter-output>
        </test-method> <!-- setup -->
        <test-method signature="Verify_OrangeHRM_Login()[pri:0, instance:testCases.TC_01_OrangeHRM_Login@ed7f8b4]" started-at="2026-09-01T15:58:32 IST" name="Verify_OrangeHRM_Login" finished-at="2026-09-01T15:58:33 IST" duration-ms="519" status="PASS">
          <reporter-output>
          </reporter-output>
        </test-method> <!-- Verify_OrangeHRM_Login -->
      </class> <!-- testCases.TC_01_OrangeHRM_Login -->
    </test> <!-- Test -->
  </suite> <!-- Suite -->
</testng-results>
